#
# A fatal error has been detected by the Java Runtime Environment:
#
#  SIGFPE (0x8) at pc=0x00007fff646f225a, pid=45386, tid=0x0000000000000307
#
# JRE version: Java(TM) SE Runtime Environment (8.0_181-b13) (build 1.8.0_181-b13)
# Java VM: Java HotSpot(TM) 64-Bit Server VM (25.181-b13 mixed mode bsd-amd64 compressed oops)
# Problematic frame:
# C  [libsystem_kernel.dylib+0x125a]  mach_msg_trap+0xa
#
# Failed to write core dump. Core dumps have been disabled. To enable core dumping, try "ulimit -c unlimited" before starting Java again
#
# If you would like to submit a bug report, please visit:
#   http://bugreport.java.com/bugreport/crash.jsp
#

---------------  T H R E A D  ---------------

Current thread is native thread

siginfo: si_signo: 8 (SIGFPE), si_code: 0 (unknown), si_addr: 0x00007fff646f225a

Registers:
RAX=0x0000000010004005, RBX=0x0000000007000806, RCX=0x00007ffee49cc168, RDX=0x0000000000000000
RSP=0x00007ffee49cc168, RBP=0x00007ffee49cc1c0, RSI=0x0000000007000806, RDI=0x00007ffee49cc330
R8 =0x0000000000000b03, R9 =0x00000000ffffffff, R10=0x0000000000000c00, R11=0x0000000000000206
R12=0x0000000007000806, R13=0x0000000000000c00, R14=0x00007ffee49cc330, R15=0x0000000000000000
RIP=0x00007fff646f225a, EFLAGS=0x0000000000000206, ERR=0x000000000100001f
  TRAPNO=0x0000000000000085

Top of Stack: (sp=0x00007ffee49cc168)
0x00007ffee49cc168:   00007fff646f25d0 0000000000000000
0x00007ffee49cc178:   00000000ffffffff 00007ffee49cc1c0
0x00007ffee49cc188:   00007fff646f2038 00000b03ffffffff
0x00007ffee49cc198:   00007f829660abd0 00000000ffffffff
0x00007ffee49cc1a8:   00007f829660aa50 00007ffee49cc330
0x00007ffee49cc1b8:   0000000000000b03 00007ffee49cc250
0x00007ffee49cc1c8:   00007fff2cf0dd0b 0000000000000000
0x00007ffee49cc1d8:   0000000000000000 00007ffee49cc308
0x00007ffee49cc1e8:   00000000ffffffff 0000000000000b03
0x00007ffee49cc1f8:   00007ffee49cc300 00007ffee49cc2f8
0x00007ffee49cc208:   00007ffee49cc2f4 0700080600000b03
0x00007ffee49cc218:   0000000007000801 ffffffff00000b03
0x00007ffee49cc228:   00007f829660aa50 0000000000000000
0x00007ffee49cc238:   00000000ffffffff 0000000000000b03
0x00007ffee49cc248:   00007f829660abd0 00007ffee49ccf60
0x00007ffee49cc258:   00007fff2cf0c8e7 00007f829660aa50
0x00007ffee49cc268:   00007f829660abd0 00007fffd7afd1f8
0x00007ffee49cc278:   0000000000000c03 0000000000000e03
0x00007ffee49cc288:   00007fff85b61690 00007fff6e5d27f4
0x00007ffee49cc298:   00007fff6e5de9ae 00007fff6e5ceaa6
0x00007ffee49cc2a8:   00007f829660afc0 00007f829660afd0
0x00007ffee49cc2b8:   00007f829660abe0 00007f829660aa60
0x00007ffee49cc2c8:   41c23567f4090596 0000000000000000
0x00007ffee49cc2d8:   000000005e299870 4415af1d78b58c00
0x00007ffee49cc2e8:   00000c03d7afde5c 0000000000000e03
0x00007ffee49cc2f8:   00007ffee49cc330 0000000000000000
0x00007ffee49cc308:   ffffffffffffffff 00007fff64395000
0x00007ffee49cc318:   00007fffd7afc94c 000000005e299870
0x00007ffee49cc328:   00007fff64597000 00000c0000000000
0x00007ffee49cc338:   00000b0300000000 00000000c2d83c9c
0x00007ffee49cc348:   00007fffc2d87278 0000000110e07760
0x00007ffee49cc358:   0000000110e07760 00007ffee49cc660 

Instructions: (pc=0x00007fff646f225a)
0x00007fff646f223a:   ca b8 1c 00 00 01 0f 05 c3 90 49 89 ca b8 1d 00
0x00007fff646f224a:   00 01 0f 05 c3 90 49 89 ca b8 1f 00 00 01 0f 05
0x00007fff646f225a:   c3 90 49 89 ca b8 20 00 00 01 0f 05 c3 90 49 89
0x00007fff646f226a:   ca b8 21 00 00 01 0f 05 c3 90 49 89 ca b8 22 00 

Register to memory mapping:

RAX=0x0000000010004005 is an unknown value
RBX=0x0000000007000806 is an unknown value
RCX=0x00007ffee49cc168 is an unknown value
RDX=0x0000000000000000 is an unknown value
RSP=0x00007ffee49cc168 is an unknown value
RBP=0x00007ffee49cc1c0 is an unknown value
RSI=0x0000000007000806 is an unknown value
RDI=0x00007ffee49cc330 is an unknown value
R8 =0x0000000000000b03 is an unknown value
R9 =0x00000000ffffffff is an unknown value
R10=0x0000000000000c00 is an unknown value
R11=0x0000000000000206 is an unknown value
R12=0x0000000007000806 is an unknown value
R13=0x0000000000000c00 is an unknown value
R14=0x00007ffee49cc330 is an unknown value
R15=0x0000000000000000 is an unknown value


Stack: [0x00007ffee41d0000,0x00007ffee49d0000],  sp=0x00007ffee49cc168,  free space=8176k
Native frames: (J=compiled Java code, j=interpreted, Vv=VM code, C=native code)
C  [libsystem_kernel.dylib+0x125a]  mach_msg_trap+0xa
C  [CoreFoundation+0x84d0b]  __CFRunLoopServiceMachPort+0x142
C  [CoreFoundation+0x838e7]  __CFRunLoopRun+0x69f
C  [CoreFoundation+0x82bd3]  CFRunLoopRunSpecific+0x1f3
C  [java+0x646e]  CreateExecutionEnvironment+0x367
C  [java+0x203c]  JLI_Launch+0x7a0
C  [java+0x84cb]  main+0x65
C  [java+0x1894]  start+0x34


---------------  P R O C E S S  ---------------

VM state:not at safepoint (normal execution)

VM Mutex/Monitor currently owned by a thread: None

Heap:
 PSYoungGen      total 38400K, used 8681K [0x0000000795580000, 0x0000000798000000, 0x00000007c0000000)
  eden space 33280K, 26% used [0x0000000795580000,0x0000000795dfa5f0,0x0000000797600000)
  from space 5120K, 0% used [0x0000000797b00000,0x0000000797b00000,0x0000000798000000)
  to   space 5120K, 0% used [0x0000000797600000,0x0000000797600000,0x0000000797b00000)
 ParOldGen       total 87552K, used 0K [0x0000000740000000, 0x0000000745580000, 0x0000000795580000)
  object space 87552K, 0% used [0x0000000740000000,0x0000000740000000,0x0000000745580000)
 Metaspace       used 4342K, capacity 4778K, committed 4992K, reserved 1056768K
  class space    used 473K, capacity 535K, committed 640K, reserved 1048576K

Card table byte_map: [0x000000010cf74000,0x000000010d375000] byte_map_base: 0x0000000109574000

Marking Bits: (ParMarkBitMap*) 0x000000010c4f9cd0
 Begin Bits: [0x000000011fe6c000, 0x0000000121e6c000)
 End Bits:   [0x0000000121e6c000, 0x0000000123e6c000)

Polling page: 0x000000010b29f000

CodeCache: size=245760Kb used=1583Kb max_used=1583Kb free=244176Kb
 bounds [0x0000000110e6c000, 0x00000001110dc000, 0x000000011fe6c000]
 total_blobs=511 nmethods=251 adapters=182
 compilation: enabled

Compilation events (10 events):
Event: 81.943 Thread 0x00007f829801b800  247       3       jdk.internal.org.objectweb.asm.Type::getDescriptor (87 bytes)
Event: 81.946 Thread 0x00007f829801b800 nmethod 247 0x0000000110fef150 code [0x0000000110fef440, 0x0000000110ff10d8]
Event: 81.948 Thread 0x00007f829801b800  248       3       java.util.ArrayList::add (29 bytes)
Event: 81.949 Thread 0x00007f829801b800 nmethod 248 0x0000000110ff2290 code [0x0000000110ff2440, 0x0000000110ff2a08]
Event: 81.949 Thread 0x00007f829801b800  249   !   3       java.lang.ClassLoader::loadClass (122 bytes)
Event: 81.955 Thread 0x00007f829801b800 nmethod 249 0x0000000110ff2f10 code [0x0000000110ff32a0, 0x0000000110ff55b8]
Event: 81.955 Thread 0x00007f829801b800  250       3       java.lang.String::lastIndexOf (151 bytes)
Event: 81.955 Thread 0x00007f829801b800 nmethod 250 0x0000000110ff6ed0 code [0x0000000110ff7080, 0x0000000110ff75f0]
Event: 81.983 Thread 0x00007f829801b800  251       3       jdk.internal.org.objectweb.asm.ByteVector::enlarge (51 bytes)
Event: 81.984 Thread 0x00007f829801b800 nmethod 251 0x0000000110ff7ad0 code [0x0000000110ff7c40, 0x0000000110ff7f68]

GC Heap History (0 events):
No events

Deoptimization events (0 events):
No events

Classes redefined (0 events):
No events

Internal exceptions (4 events):
Event: 0.052 Thread 0x00007f8296800800 Exception <a 'java/lang/NoSuchMethodError': Method sun.misc.Unsafe.defineClass(Ljava/lang/String;[BII)Ljava/lang/Class; name or signature does not match> (0x0000000795587cb0) thrown at [/Users/java_re/workspace/8-2-build-macosx-x86_64/jdk8u181/11358/hotsp
Event: 0.052 Thread 0x00007f8296800800 Exception <a 'java/lang/NoSuchMethodError': Method sun.misc.Unsafe.prefetchRead(Ljava/lang/Object;J)V name or signature does not match> (0x0000000795587f98) thrown at [/Users/java_re/workspace/8-2-build-macosx-x86_64/jdk8u181/11358/hotspot/src/share/vm/pr
Event: 81.864 Thread 0x00007f8296800800 Exception <a 'java/lang/NoSuchFieldError': method resolution failed> (0x0000000795b44940) thrown at [/Users/java_re/workspace/8-2-build-macosx-x86_64/jdk8u181/11358/hotspot/src/share/vm/prims/methodHandles.cpp, line 1167]
Event: 81.869 Thread 0x00007f8296800800 Exception <a 'java/lang/NoSuchFieldError': method resolution failed> (0x0000000795b53290) thrown at [/Users/java_re/workspace/8-2-build-macosx-x86_64/jdk8u181/11358/hotspot/src/share/vm/prims/methodHandles.cpp, line 1167]

Events (10 events):
Event: 81.989 loading class java/net/Socket$3 done
Event: 81.989 loading class java/net/SocketOutputStream
Event: 81.989 loading class java/net/SocketOutputStream done
Event: 81.992 Executing VM operation: RevokeBias
Event: 81.992 Executing VM operation: RevokeBias done
Event: 81.992 Thread 0x00007f8298157000 Thread exited: 0x00007f8298157000
Event: 163.813 Thread 0x00007f829706e000 Thread added: 0x00007f829706e000
Event: 163.823 Executing VM operation: RevokeBias
Event: 163.823 Executing VM operation: RevokeBias done
Event: 163.823 Thread 0x00007f829706e000 Thread exited: 0x00007f829706e000


Dynamic libraries:
0x00007fff2bf12000 	/System/Library/Frameworks/Cocoa.framework/Versions/A/Cocoa
0x00007fff394e0000 	/System/Library/Frameworks/Security.framework/Versions/A/Security
0x00007fff2ae9c000 	/System/Library/Frameworks/ApplicationServices.framework/Versions/A/ApplicationServices
0x00007fff6390d000 	/usr/lib/libz.1.dylib
0x00007fff613dc000 	/usr/lib/libSystem.B.dylib
0x00007fff63231000 	/usr/lib/libobjc.A.dylib
0x00007fff2ce89000 	/System/Library/Frameworks/CoreFoundation.framework/Versions/A/CoreFoundation
0x00007fff2f54e000 	/System/Library/Frameworks/Foundation.framework/Versions/C/Foundation
0x00007fff2a091000 	/System/Library/Frameworks/AppKit.framework/Versions/C/AppKit
0x00007fff2c995000 	/System/Library/Frameworks/CoreData.framework/Versions/A/CoreData
0x00007fff5dc84000 	/System/Library/PrivateFrameworks/UIFoundation.framework/Versions/A/UIFoundation
0x00007fff58460000 	/System/Library/PrivateFrameworks/RemoteViewServices.framework/Versions/A/RemoteViewServices
0x00007fff60717000 	/System/Library/PrivateFrameworks/XCTTargetBootstrap.framework/Versions/A/XCTTargetBootstrap
0x00007fff2cd78000 	/System/Library/Frameworks/CoreDisplay.framework/Versions/A/CoreDisplay
0x00007fff322c6000 	/System/Library/Frameworks/Metal.framework/Versions/A/Metal
0x00007fff46866000 	/System/Library/PrivateFrameworks/DesktopServicesPriv.framework/Versions/A/DesktopServicesPriv
0x00007fff62512000 	/usr/lib/liblangid.dylib
0x00007fff459b2000 	/System/Library/PrivateFrameworks/CoreSVG.framework/Versions/A/CoreSVG
0x00007fff5b227000 	/System/Library/PrivateFrameworks/SkyLight.framework/Versions/A/SkyLight
0x00007fff2d30b000 	/System/Library/Frameworks/CoreGraphics.framework/Versions/A/CoreGraphics
0x00007fff28c30000 	/System/Library/Frameworks/Accelerate.framework/Versions/A/Accelerate
0x00007fff637fe000 	/usr/lib/libxml2.2.dylib
0x00007fff5158a000 	/System/Library/PrivateFrameworks/IconServices.framework/Versions/A/IconServices
0x00007fff2fd33000 	/System/Library/Frameworks/IOSurface.framework/Versions/A/IOSurface
0x00007fff60f14000 	/usr/lib/libDiagnosticMessagesClient.dylib
0x00007fff466df000 	/System/Library/PrivateFrameworks/DFRFoundation.framework/Versions/A/DFRFoundation
0x00007fff622a0000 	/usr/lib/libicucore.A.dylib
0x00007fff2b1ce000 	/System/Library/Frameworks/AudioToolbox.framework/Versions/A/AudioToolbox
0x00007fff2b2b0000 	/System/Library/Frameworks/AudioUnit.framework/Versions/A/AudioUnit
0x00007fff615dd000 	/usr/lib/libauto.dylib
0x00007fff46760000 	/System/Library/PrivateFrameworks/DataDetectorsCore.framework/Versions/A/DataDetectorsCore
0x00007fff2ba32000 	/System/Library/Frameworks/Carbon.framework/Versions/A/Frameworks/HIToolbox.framework/Versions/A/HIToolbox
0x00007fff38711000 	/System/Library/Frameworks/QuartzCore.framework/Versions/A/QuartzCore
0x00007fff2bd71000 	/System/Library/Frameworks/Carbon.framework/Versions/A/Frameworks/SpeechRecognition.framework/Versions/A/SpeechRecognition
0x00007fff46065000 	/System/Library/PrivateFrameworks/CoreUI.framework/Versions/A/CoreUI
0x00007fff2c3fb000 	/System/Library/Frameworks/CoreAudio.framework/Versions/A/CoreAudio
0x00007fff2f216000 	/System/Library/Frameworks/DiskArbitration.framework/Versions/A/DiskArbitration
0x00007fff5359f000 	/System/Library/PrivateFrameworks/MultitouchSupport.framework/Versions/A/MultitouchSupport
0x00007fff62166000 	/usr/lib/libenergytrace.dylib
0x00007fff2fc8e000 	/System/Library/Frameworks/IOKit.framework/Versions/A/IOKit
0x00007fff2e279000 	/System/Library/Frameworks/CoreServices.framework/Versions/A/CoreServices
0x00007fff556ac000 	/System/Library/PrivateFrameworks/PerformanceAnalysis.framework/Versions/A/PerformanceAnalysis
0x00007fff37747000 	/System/Library/Frameworks/OpenGL.framework/Versions/A/OpenGL
0x00007fff2bf20000 	/System/Library/Frameworks/ColorSync.framework/Versions/A/ColorSync
0x00007fff2d992000 	/System/Library/Frameworks/CoreImage.framework/Versions/A/CoreImage
0x00007fff2ecef000 	/System/Library/Frameworks/CoreText.framework/Versions/A/CoreText
0x00007fff2fdb9000 	/System/Library/Frameworks/ImageIO.framework/Versions/A/ImageIO
0x00007fff616c2000 	/usr/lib/libc++.1.dylib
0x00007fff6173e000 	/usr/lib/libcompression.dylib
0x00007fff61256000 	/usr/lib/libMobileGestalt.dylib
0x00007fff5cd66000 	/System/Library/PrivateFrameworks/TextureIO.framework/Versions/A/TextureIO
0x00007fff61543000 	/usr/lib/libate.dylib
0x00007fff51793000 	/System/Library/PrivateFrameworks/InternationalSupport.framework/Versions/A/InternationalSupport
0x00007fff64383000 	/usr/lib/system/libcache.dylib
0x00007fff64389000 	/usr/lib/system/libcommonCrypto.dylib
0x00007fff64395000 	/usr/lib/system/libcompiler_rt.dylib
0x00007fff6439d000 	/usr/lib/system/libcopyfile.dylib
0x00007fff643a7000 	/usr/lib/system/libcorecrypto.dylib
0x00007fff64555000 	/usr/lib/system/libdispatch.dylib
0x00007fff64597000 	/usr/lib/system/libdyld.dylib
0x00007fff645cd000 	/usr/lib/system/libkeymgr.dylib
0x00007fff645db000 	/usr/lib/system/liblaunch.dylib
0x00007fff645dc000 	/usr/lib/system/libmacho.dylib
0x00007fff645e2000 	/usr/lib/system/libquarantine.dylib
0x00007fff645e5000 	/usr/lib/system/libremovefile.dylib
0x00007fff645e7000 	/usr/lib/system/libsystem_asl.dylib
0x00007fff645ff000 	/usr/lib/system/libsystem_blocks.dylib
0x00007fff64600000 	/usr/lib/system/libsystem_c.dylib
0x00007fff64688000 	/usr/lib/system/libsystem_configuration.dylib
0x00007fff6468c000 	/usr/lib/system/libsystem_coreservices.dylib
0x00007fff64690000 	/usr/lib/system/libsystem_darwin.dylib
0x00007fff64699000 	/usr/lib/system/libsystem_dnssd.dylib
0x00007fff646a1000 	/usr/lib/system/libsystem_featureflags.dylib
0x00007fff646a3000 	/usr/lib/system/libsystem_info.dylib
0x00007fff6471e000 	/usr/lib/system/libsystem_m.dylib
0x00007fff64766000 	/usr/lib/system/libsystem_malloc.dylib
0x00007fff6478e000 	/usr/lib/system/libsystem_networkextension.dylib
0x00007fff6479c000 	/usr/lib/system/libsystem_notify.dylib
0x00007fff647bb000 	/usr/lib/system/libsystem_sandbox.dylib
0x00007fff647c0000 	/usr/lib/system/libsystem_secinit.dylib
0x00007fff646f1000 	/usr/lib/system/libsystem_kernel.dylib
0x00007fff647a6000 	/usr/lib/system/libsystem_platform.dylib
0x00007fff647b0000 	/usr/lib/system/libsystem_pthread.dylib
0x00007fff647c3000 	/usr/lib/system/libsystem_symptoms.dylib
0x00007fff647cb000 	/usr/lib/system/libsystem_trace.dylib
0x00007fff647e3000 	/usr/lib/system/libunwind.dylib
0x00007fff647e9000 	/usr/lib/system/libxpc.dylib
0x00007fff61716000 	/usr/lib/libc++abi.dylib
0x00007fff62514000 	/usr/lib/liblzma.5.dylib
0x00007fff6218e000 	/usr/lib/libfakelink.dylib
0x00007fff614d0000 	/usr/lib/libarchive.2.dylib
0x00007fff3a682000 	/System/Library/Frameworks/SystemConfiguration.framework/Versions/A/SystemConfiguration
0x00007fff60e45000 	/usr/lib/libCRFSuite.dylib
0x00007fff2b626000 	/System/Library/Frameworks/CFNetwork.framework/Versions/A/CFNetwork
0x00007fff616a4000 	/usr/lib/libbsm.0.dylib
0x00007fff645ce000 	/usr/lib/system/libkxld.dylib
0x00007fff40196000 	/System/Library/PrivateFrameworks/AppleFSCompression.framework/Versions/A/AppleFSCompression
0x00007fff61a25000 	/usr/lib/libcoretls.dylib
0x00007fff61a3c000 	/usr/lib/libcoretls_cfhelpers.dylib
0x00007fff63275000 	/usr/lib/libpam.2.dylib
0x00007fff633a8000 	/usr/lib/libsqlite3.dylib
0x00007fff637eb000 	/usr/lib/libxar.1.dylib
0x00007fff616b5000 	/usr/lib/libbz2.1.0.dylib
0x00007fff621af000 	/usr/lib/libiconv.2.dylib
0x00007fff6172b000 	/usr/lib/libcharset.1.dylib
0x00007fff62d1c000 	/usr/lib/libnetwork.dylib
0x00007fff6327c000 	/usr/lib/libpcap.A.dylib
0x00007fff61485000 	/usr/lib/libapple_nghttp2.dylib
0x00007fff2e630000 	/System/Library/Frameworks/CoreServices.framework/Versions/A/Frameworks/FSEvents.framework/Versions/A/FSEvents
0x00007fff2e300000 	/System/Library/Frameworks/CoreServices.framework/Versions/A/Frameworks/CarbonCore.framework/Versions/A/CarbonCore
0x00007fff2e873000 	/System/Library/Frameworks/CoreServices.framework/Versions/A/Frameworks/Metadata.framework/Versions/A/Metadata
0x00007fff2e90c000 	/System/Library/Frameworks/CoreServices.framework/Versions/A/Frameworks/OSServices.framework/Versions/A/OSServices
0x00007fff2e93a000 	/System/Library/Frameworks/CoreServices.framework/Versions/A/Frameworks/SearchKit.framework/Versions/A/SearchKit
0x00007fff2e27a000 	/System/Library/Frameworks/CoreServices.framework/Versions/A/Frameworks/AE.framework/Versions/A/AE
0x00007fff2e639000 	/System/Library/Frameworks/CoreServices.framework/Versions/A/Frameworks/LaunchServices.framework/Versions/A/LaunchServices
0x00007fff2e5e2000 	/System/Library/Frameworks/CoreServices.framework/Versions/A/Frameworks/DictionaryServices.framework/Versions/A/DictionaryServices
0x00007fff2e9a2000 	/System/Library/Frameworks/CoreServices.framework/Versions/A/Frameworks/SharedFileList.framework/Versions/A/SharedFileList
0x00007fff3359b000 	/System/Library/Frameworks/NetFS.framework/Versions/A/NetFS
0x00007fff53acf000 	/System/Library/PrivateFrameworks/NetAuth.framework/Versions/A/NetAuth
0x00007fff60ae2000 	/System/Library/PrivateFrameworks/login.framework/Versions/A/Frameworks/loginsupport.framework/Versions/A/loginsupport
0x00007fff5c861000 	/System/Library/PrivateFrameworks/TCC.framework/Versions/A/TCC
0x00007fff44d81000 	/System/Library/PrivateFrameworks/CoreNLP.framework/Versions/A/CoreNLP
0x00007fff52fcf000 	/System/Library/PrivateFrameworks/MetadataUtilities.framework/Versions/A/MetadataUtilities
0x00007fff625ec000 	/usr/lib/libmecabra.dylib
0x00007fff62544000 	/usr/lib/libmecab.dylib
0x00007fff6219f000 	/usr/lib/libgermantok.dylib
0x00007fff6146c000 	/usr/lib/libThaiTokenizer.dylib
0x00007fff60e7d000 	/usr/lib/libChineseTokenizer.dylib
0x00007fff28c48000 	/System/Library/Frameworks/Accelerate.framework/Versions/A/Frameworks/vImage.framework/Versions/A/vImage
0x00007fff29eeb000 	/System/Library/Frameworks/Accelerate.framework/Versions/A/Frameworks/vecLib.framework/Versions/A/vecLib
0x00007fff29e2f000 	/System/Library/Frameworks/Accelerate.framework/Versions/A/Frameworks/vecLib.framework/Versions/A/libvMisc.dylib
0x00007fff29c55000 	/System/Library/Frameworks/Accelerate.framework/Versions/A/Frameworks/vecLib.framework/Versions/A/libvDSP.dylib
0x00007fff292b4000 	/System/Library/Frameworks/Accelerate.framework/Versions/A/Frameworks/vecLib.framework/Versions/A/libBLAS.dylib
0x00007fff2980f000 	/System/Library/Frameworks/Accelerate.framework/Versions/A/Frameworks/vecLib.framework/Versions/A/libLAPACK.dylib
0x00007fff29bb5000 	/System/Library/Frameworks/Accelerate.framework/Versions/A/Frameworks/vecLib.framework/Versions/A/libLinearAlgebra.dylib
0x00007fff29c42000 	/System/Library/Frameworks/Accelerate.framework/Versions/A/Frameworks/vecLib.framework/Versions/A/libSparseBLAS.dylib
0x00007fff29bcb000 	/System/Library/Frameworks/Accelerate.framework/Versions/A/Frameworks/vecLib.framework/Versions/A/libQuadrature.dylib
0x00007fff2951e000 	/System/Library/Frameworks/Accelerate.framework/Versions/A/Frameworks/vecLib.framework/Versions/A/libBNNS.dylib
0x00007fff29bd1000 	/System/Library/Frameworks/Accelerate.framework/Versions/A/Frameworks/vecLib.framework/Versions/A/libSparse.dylib
0x00007fff51b52000 	/System/Library/PrivateFrameworks/LanguageModeling.framework/Versions/A/LanguageModeling
0x00007fff4471d000 	/System/Library/PrivateFrameworks/CoreEmoji.framework/Versions/A/CoreEmoji
0x00007fff51c70000 	/System/Library/PrivateFrameworks/LinguisticData.framework/Versions/A/LinguisticData
0x00007fff51c21000 	/System/Library/PrivateFrameworks/Lexicon.framework/Versions/A/Lexicon
0x00007fff6172c000 	/usr/lib/libcmph.dylib
0x00007fff3616d000 	/System/Library/Frameworks/OpenDirectory.framework/Versions/A/Frameworks/CFOpenDirectory.framework/Versions/A/CFOpenDirectory
0x00007fff3618a000 	/System/Library/Frameworks/OpenDirectory.framework/Versions/A/OpenDirectory
0x00007fff3e457000 	/System/Library/PrivateFrameworks/APFS.framework/Versions/A/APFS
0x00007fff39833000 	/System/Library/Frameworks/SecurityFoundation.framework/Versions/A/SecurityFoundation
0x00007fff637e7000 	/usr/lib/libutil.dylib
0x00007fff45a0a000 	/System/Library/PrivateFrameworks/CoreServicesStore.framework/Versions/A/CoreServicesStore
0x00007fff398eb000 	/System/Library/Frameworks/ServiceManagement.framework/Versions/A/ServiceManagement
0x00007fff4194d000 	/System/Library/PrivateFrameworks/BackgroundTaskManagement.framework/Versions/A/BackgroundTaskManagement
0x00007fff638e4000 	/usr/lib/libxslt.1.dylib
0x00007fff407fb000 	/System/Library/PrivateFrameworks/AppleSystemInfo.framework/Versions/A/AppleSystemInfo
0x00007fff2ffd6000 	/System/Library/Frameworks/ImageIO.framework/Versions/A/Resources/libJPEG.dylib
0x00007fff30295000 	/System/Library/Frameworks/ImageIO.framework/Versions/A/Resources/libTIFF.dylib
0x00007fff30278000 	/System/Library/Frameworks/ImageIO.framework/Versions/A/Resources/libPng.dylib
0x00007fff2ff17000 	/System/Library/Frameworks/ImageIO.framework/Versions/A/Resources/libGIF.dylib
0x00007fff2ff1b000 	/System/Library/Frameworks/ImageIO.framework/Versions/A/Resources/libJP2.dylib
0x00007fff30293000 	/System/Library/Frameworks/ImageIO.framework/Versions/A/Resources/libRadiance.dylib
0x00007fff62167000 	/usr/lib/libexpat.1.dylib
0x00007fff402f1000 	/System/Library/PrivateFrameworks/AppleJPEG.framework/Versions/A/AppleJPEG
0x00007fff48c84000 	/System/Library/PrivateFrameworks/FontServices.framework/libFontParser.dylib
0x00007fff5fb39000 	/System/Library/PrivateFrameworks/WatchdogClient.framework/Versions/A/WatchdogClient
0x00007fff511df000 	/System/Library/PrivateFrameworks/IOAccelerator.framework/Versions/A/IOAccelerator
0x00007fff32654000 	/System/Library/Frameworks/MetalPerformanceShaders.framework/Versions/A/MetalPerformanceShaders
0x00007fff4d9d2000 	/System/Library/PrivateFrameworks/GPUWrangler.framework/Versions/A/GPUWrangler
0x00007fff511ea000 	/System/Library/PrivateFrameworks/IOPresentment.framework/Versions/A/IOPresentment
0x00007fff466f2000 	/System/Library/PrivateFrameworks/DSExternalDisplay.framework/Versions/A/DSExternalDisplay
0x00007fff36af3000 	/System/Library/Frameworks/OpenGL.framework/Versions/A/Libraries/libCoreFSCache.dylib
0x00007fff323a6000 	/System/Library/Frameworks/MetalPerformanceShaders.framework/Frameworks/MPSCore.framework/Versions/A/MPSCore
0x00007fff323e3000 	/System/Library/Frameworks/MetalPerformanceShaders.framework/Frameworks/MPSImage.framework/Versions/A/MPSImage
0x00007fff324a5000 	/System/Library/Frameworks/MetalPerformanceShaders.framework/Frameworks/MPSNeuralNetwork.framework/Versions/A/MPSNeuralNetwork
0x00007fff3246a000 	/System/Library/Frameworks/MetalPerformanceShaders.framework/Frameworks/MPSMatrix.framework/Versions/A/MPSMatrix
0x00007fff32605000 	/System/Library/Frameworks/MetalPerformanceShaders.framework/Frameworks/MPSRayIntersector.framework/Versions/A/MPSRayIntersector
0x00007fff3248f000 	/System/Library/Frameworks/MetalPerformanceShaders.framework/Frameworks/MPSNDArray.framework/Versions/A/MPSNDArray
0x00007fff5301c000 	/System/Library/PrivateFrameworks/MetalTools.framework/Versions/A/MetalTools
0x00007fff3f61c000 	/System/Library/PrivateFrameworks/AggregateDictionary.framework/Versions/A/AggregateDictionary
0x00007fff441a7000 	/System/Library/PrivateFrameworks/CoreAnalytics.framework/Versions/A/CoreAnalytics
0x00007fff40719000 	/System/Library/PrivateFrameworks/AppleSauce.framework/Versions/A/AppleSauce
0x00007fff61139000 	/usr/lib/libIOReport.dylib
0x00007fff2eea4000 	/System/Library/Frameworks/CoreVideo.framework/Versions/A/CoreVideo
0x00007fff4ee40000 	/System/Library/PrivateFrameworks/GraphVisualizer.framework/Versions/A/GraphVisualizer
0x00007fff48205000 	/System/Library/PrivateFrameworks/FaceCore.framework/Versions/A/FaceCore
0x00007fff36114000 	/System/Library/Frameworks/OpenCL.framework/Versions/A/OpenCL
0x00007fff60f5b000 	/usr/lib/libFosl_dynamic.dylib
0x00007fff544ca000 	/System/Library/PrivateFrameworks/OTSVG.framework/Versions/A/OTSVG
0x00007fff2afa1000 	/System/Library/Frameworks/ApplicationServices.framework/Versions/A/Frameworks/ATS.framework/Versions/A/Resources/libFontRegistry.dylib
0x00007fff48e55000 	/System/Library/PrivateFrameworks/FontServices.framework/libhvf.dylib
0x00007fff36afe000 	/System/Library/Frameworks/OpenGL.framework/Versions/A/Libraries/libGFXShared.dylib
0x00007fff36cdb000 	/System/Library/Frameworks/OpenGL.framework/Versions/A/Libraries/libGLU.dylib
0x00007fff36b07000 	/System/Library/Frameworks/OpenGL.framework/Versions/A/Libraries/libGL.dylib
0x00007fff36b12000 	/System/Library/Frameworks/OpenGL.framework/Versions/A/Libraries/libGLImage.dylib
0x00007fff36af0000 	/System/Library/Frameworks/OpenGL.framework/Versions/A/Libraries/libCVMSPluginSupport.dylib
0x00007fff36af9000 	/System/Library/Frameworks/OpenGL.framework/Versions/A/Libraries/libCoreVMClient.dylib
0x00007fff62bbe000 	/usr/lib/libncurses.5.4.dylib
0x00007fff2ae9d000 	/System/Library/Frameworks/ApplicationServices.framework/Versions/A/Frameworks/ATS.framework/Versions/A/ATS
0x00007fff2b06a000 	/System/Library/Frameworks/ApplicationServices.framework/Versions/A/Frameworks/ColorSyncLegacy.framework/Versions/A/ColorSyncLegacy
0x00007fff2b109000 	/System/Library/Frameworks/ApplicationServices.framework/Versions/A/Frameworks/HIServices.framework/Versions/A/HIServices
0x00007fff2b160000 	/System/Library/Frameworks/ApplicationServices.framework/Versions/A/Frameworks/LangAnalysis.framework/Versions/A/LangAnalysis
0x00007fff2b16f000 	/System/Library/Frameworks/ApplicationServices.framework/Versions/A/Frameworks/PrintCore.framework/Versions/A/PrintCore
0x00007fff2b1b5000 	/System/Library/Frameworks/ApplicationServices.framework/Versions/A/Frameworks/QD.framework/Versions/A/QD
0x00007fff2b1c0000 	/System/Library/Frameworks/ApplicationServices.framework/Versions/A/Frameworks/SpeechSynthesis.framework/Versions/A/SpeechSynthesis
0x00007fff2b03a000 	/System/Library/Frameworks/ApplicationServices.framework/Versions/A/Frameworks/ATSUI.framework/Versions/A/ATSUI
0x00007fff61ffb000 	/usr/lib/libcups.2.dylib
0x00007fff31703000 	/System/Library/Frameworks/Kerberos.framework/Versions/A/Kerberos
0x00007fff2f983000 	/System/Library/Frameworks/GSS.framework/Versions/A/GSS
0x00007fff63334000 	/usr/lib/libresolv.9.dylib
0x00007fff4efe1000 	/System/Library/PrivateFrameworks/Heimdal.framework/Versions/A/Heimdal
0x00007fff31716000 	/System/Library/Frameworks/Kerberos.framework/Versions/A/Libraries/libHeimdalProxy.dylib
0x00007fff621a5000 	/usr/lib/libheimdal-asn1.dylib
0x00007fff4364d000 	/System/Library/PrivateFrameworks/CommonAuth.framework/Versions/A/CommonAuth
0x00007fff40898000 	/System/Library/PrivateFrameworks/AssertionServices.framework/Versions/A/AssertionServices
0x00007fff4143b000 	/System/Library/PrivateFrameworks/AudioToolboxCore.framework/Versions/A/AudioToolboxCore
0x00007fff60793000 	/System/Library/PrivateFrameworks/caulk.framework/Versions/A/caulk
0x00007fff419f9000 	/System/Library/PrivateFrameworks/BaseBoard.framework/Versions/A/BaseBoard
0x00007fff585ef000 	/System/Library/PrivateFrameworks/RunningBoardServices.framework/Versions/A/RunningBoardServices
0x00007fff556b8000 	/System/Library/PrivateFrameworks/PersistentConnection.framework/Versions/A/PersistentConnection
0x00007fff5803e000 	/System/Library/PrivateFrameworks/ProtocolBuffer.framework/Versions/A/ProtocolBuffer
0x00007fff43672000 	/System/Library/PrivateFrameworks/CommonUtilities.framework/Versions/A/CommonUtilities
0x00007fff41b7c000 	/System/Library/PrivateFrameworks/Bom.framework/Versions/A/Bom
0x00007fff60e08000 	/usr/lib/libAudioToolboxUtility.dylib
0x00007fff41957000 	/System/Library/PrivateFrameworks/Backup.framework/Versions/A/Backup
0x00007fff46462000 	/System/Library/PrivateFrameworks/CrashReporterSupport.framework/Versions/A/CrashReporterSupport
0x00007fff5a0eb000 	/System/Library/PrivateFrameworks/Sharing.framework/Versions/A/Sharing
0x00007fff4003c000 	/System/Library/PrivateFrameworks/Apple80211.framework/Versions/A/Apple80211
0x00007fff41679000 	/System/Library/PrivateFrameworks/AuthKit.framework/Versions/A/AuthKit
0x00007fff46192000 	/System/Library/PrivateFrameworks/CoreUtils.framework/Versions/A/CoreUtils
0x00007fff2eee9000 	/System/Library/Frameworks/CoreWLAN.framework/Versions/A/CoreWLAN
0x00007fff2fb0f000 	/System/Library/Frameworks/IOBluetooth.framework/Versions/A/IOBluetooth
0x00007fff5331a000 	/System/Library/PrivateFrameworks/MobileKeyBag.framework/Versions/A/MobileKeyBag
0x00007fff4525d000 	/System/Library/PrivateFrameworks/CorePhoneNumbers.framework/Versions/A/CorePhoneNumbers
0x00007fff402a4000 	/System/Library/PrivateFrameworks/AppleIDAuthSupport.framework/Versions/A/AppleIDAuthSupport
0x00007fff335a8000 	/System/Library/Frameworks/Network.framework/Versions/A/Network
0x00007fff519da000 	/System/Library/PrivateFrameworks/KeychainCircle.framework/Versions/A/KeychainCircle
0x00007fff2c95d000 	/System/Library/Frameworks/CoreBluetooth.framework/Versions/A/CoreBluetooth
0x00007fff5bd67000 	/System/Library/PrivateFrameworks/SpeechRecognitionCore.framework/Versions/A/SpeechRecognitionCore
0x00007fff214e2000 	/System/Library/CoreServices/Encodings/libSimplifiedChineseConverter.dylib
0x000000010bc00000 	/Users/admin/Documents/jdk1.8/jre/lib/server/libjvm.dylib
0x00007fff636b9000 	/usr/lib/libstdc++.6.dylib
0x000000010b25b000 	/Users/admin/Documents/jdk1.8/jre/lib/libverify.dylib
0x000000010b269000 	/Users/admin/Documents/jdk1.8/jre/lib/libjava.dylib
0x000000010b2a0000 	/Users/admin/Documents/jdk1.8/jre/lib/libjdwp.dylib
0x000000010b2eb000 	/Users/admin/Documents/jdk1.8/jre/lib/libnpt.dylib
0x000000010b2ef000 	/Users/admin/Documents/jdk1.8/jre/lib/libinstrument.dylib
0x000000010b38d000 	/Users/admin/Documents/jdk1.8/jre/lib/libzip.dylib
0x000000010f4ce000 	/Users/admin/Documents/jdk1.8/jre/lib/libdt_socket.dylib
0x000000010f688000 	/Users/admin/Documents/jdk1.8/jre/lib/libnet.dylib

VM Arguments:
jvm_args: -agentlib:jdwp=transport=dt_socket,address=127.0.0.1:56314,suspend=y,server=n -javaagent:/Users/admin/Library/Caches/IntelliJIdea2019.3/captureAgent/debugger-agent.jar -Dfile.encoding=UTF-8 
java_command: com.lyx.io.bio.Server
java_class_path (initial): /Users/admin/Documents/jdk1.8/jre/lib/charsets.jar:/Users/admin/Documents/jdk1.8/jre/lib/deploy.jar:/Users/admin/Documents/jdk1.8/jre/lib/ext/cldrdata.jar:/Users/admin/Documents/jdk1.8/jre/lib/ext/dnsns.jar:/Users/admin/Documents/jdk1.8/jre/lib/ext/jaccess.jar:/Users/admin/Documents/jdk1.8/jre/lib/ext/jfxrt.jar:/Users/admin/Documents/jdk1.8/jre/lib/ext/localedata.jar:/Users/admin/Documents/jdk1.8/jre/lib/ext/nashorn.jar:/Users/admin/Documents/jdk1.8/jre/lib/ext/sunec.jar:/Users/admin/Documents/jdk1.8/jre/lib/ext/sunjce_provider.jar:/Users/admin/Documents/jdk1.8/jre/lib/ext/sunpkcs11.jar:/Users/admin/Documents/jdk1.8/jre/lib/ext/zipfs.jar:/Users/admin/Documents/jdk1.8/jre/lib/javaws.jar:/Users/admin/Documents/jdk1.8/jre/lib/jce.jar:/Users/admin/Documents/jdk1.8/jre/lib/jfr.jar:/Users/admin/Documents/jdk1.8/jre/lib/jfxswt.jar:/Users/admin/Documents/jdk1.8/jre/lib/jsse.jar:/Users/admin/Documents/jdk1.8/jre/lib/management-agent.jar:/Users/admin/Documents/jdk1.8/jre/lib/plugin.jar:/Users/admin/Documents/jdk1.8/jre/lib/resources.jar:/Users/admin/Documents/jdk1.8/jre/lib/rt.jar:/Users/admin/Documents/jdk1.8/lib/ant-javafx.jar:/Users/admin/Documents/jdk1.8/lib/dt.jar:/Users/admin/Documents/jdk1.8/lib/javafx-mx.jar:/Users/admin/Documents/jdk1.8/lib/jconsole.jar:/Users/admin/Documents/jdk1.8/lib/packager.jar:/Users/admin/Documents/jdk1.8/lib/sa-jdi.jar:/Users/admin/Documents/jdk1.8/lib/tools.jar:/Users/admin/Documents/myBsWork/dmWork/dmonitor/lib/billboard-client-1.0.1.jar:/Users/admin/Documents/myBsWork/dmWork/dmonitor/lib/dprophet-bpip-container-api-1.0.1.jar:/Users/admin/Documents/myBsWork/dmWork/dmonitor/lib/mysql-connector-java-5.1.35.jar:/Users/admin/IdeaProjects/leetcodePro/target/classes:/usr/local/Cellar/python/3.7.2_2/Frameworks/Python.framework/Versions/3.7/lib/python3.7:/usr/local/Cellar/python/3.7.2_2/Frameworks/Python.framework/Versions/3.7/lib/python3.7/lib-dynload:/Users/admin/Documents/pythonenv/leetcodePro/lib/python3.7/site-pack
Launcher Type: SUN_STANDARD

Environment Variables:
JAVA_HOME=/Users/admin/Documents/jdk1.8
JRE_HOME=/Users/admin/Documents/jdk1.8/jre
PATH=/Users/admin/Documents/jdk1.8/bin:/Users/admin/cloudera/cdh5.7/hadoop/bin:/Users/admin/cloudera/cdh5.7/hadoop/sbin:/Users/admin/cloudera/cdh5.7/zookeeper/bin:/Users/admin/cloudera/cdh5.7/hbase/bin:/Users/admin/cloudera/cdh5.7/hive/bin:/Users/admin/cloudera/cdh5.7/hive/hcatalog/bin:/usr/local/bin:/usr/bin:/bin:/usr/sbin:/sbin:/Users/admin/bin:/Users/admin/Documents/jdk1.8/bin:/usr/local/mysql/bin:/Users/admin/Documents/softs/apache-maven-3.6.0/bin:/Users/admin/Documents/softs/gradle-5.3/bin
SHELL=/bin/zsh

Signal Handlers:
SIGSEGV: [libjvm.dylib+0x5b6029], sa_mask[0]=11111111011111110111111111111111, sa_flags=SA_ONSTACK|SA_RESTART|SA_SIGINFO
SIGBUS: [libjvm.dylib+0x5b6029], sa_mask[0]=11111111011111110111111111111111, sa_flags=SA_RESTART|SA_SIGINFO
SIGFPE: [libjvm.dylib+0x48b934], sa_mask[0]=11111111011111110111111111111111, sa_flags=SA_RESTART|SA_SIGINFO
SIGPIPE: [libjvm.dylib+0x48b934], sa_mask[0]=11111111011111110111111111111111, sa_flags=SA_RESTART|SA_SIGINFO
SIGXFSZ: [libjvm.dylib+0x48b934], sa_mask[0]=11111111011111110111111111111111, sa_flags=SA_RESTART|SA_SIGINFO
SIGILL: [libjvm.dylib+0x48b934], sa_mask[0]=11111111011111110111111111111111, sa_flags=SA_RESTART|SA_SIGINFO
SIGUSR1: SIG_DFL, sa_mask[0]=00000000000000000000000000000000, sa_flags=none
SIGUSR2: [libjvm.dylib+0x48b452], sa_mask[0]=00100000000000000000000000000000, sa_flags=SA_RESTART|SA_SIGINFO
SIGHUP: [libjvm.dylib+0x489a1d], sa_mask[0]=11111111011111110111111111111111, sa_flags=SA_RESTART|SA_SIGINFO
SIGINT: [libjvm.dylib+0x489a1d], sa_mask[0]=11111111011111110111111111111111, sa_flags=SA_RESTART|SA_SIGINFO
SIGTERM: [libjvm.dylib+0x489a1d], sa_mask[0]=11111111011111110111111111111111, sa_flags=SA_RESTART|SA_SIGINFO
SIGQUIT: [libjvm.dylib+0x489a1d], sa_mask[0]=11111111011111110111111111111111, sa_flags=SA_RESTART|SA_SIGINFO


---------------  S Y S T E M  ---------------

OS:Bsduname:Darwin 19.3.0 Darwin Kernel Version 19.3.0: Thu Jan  9 20:58:23 PST 2020; root:xnu-6153.81.5~1/RELEASE_X86_64 x86_64
rlimit: STACK 8192k, CORE 0k, NPROC 1392, NOFILE 10240, AS infinity
load average:9.44 8.83 9.91

CPU:total 4 (initial active 4) (2 cores per cpu, 2 threads per core) family 6 model 61 stepping 4, cmov, cx8, fxsr, mmx, sse, sse2, sse3, ssse3, sse4.1, sse4.2, popcnt, avx, avx2, aes, clmul, erms, 3dnowpref, lzcnt, ht, tsc, tscinvbit, bmi1, bmi2, adx

Memory: 4k page, physical 8388608k(60144k free)

/proc/meminfo:


vm_info: Java HotSpot(TM) 64-Bit Server VM (25.181-b13) for bsd-amd64 JRE (1.8.0_181-b13), built on Jul  7 2018 01:02:31 by "java_re" with gcc 4.2.1 (Based on Apple Inc. build 5658) (LLVM build 2336.11.00)

time: Tue May 12 20:54:05 2020
elapsed time: 1029 seconds (0d 0h 17m 9s)

